<?xml version="1.0" encoding="UTF-8"?>
<testsuite name="uk.co.real_logic.sbe.generation.rust.RustTest" tests="3" skipped="0" failures="0" errors="0" timestamp="2025-04-27T08:25:30" hostname="chendengliangdeMacBook-Pro.local" time="0.026">
  <properties/>
  <testcase name="nullIRParamShouldTossNPE" classname="uk.co.real_logic.sbe.generation.rust.RustTest" time="0.008"/>
  <testcase name="happyPathRustGeneratorThatThrowsNoExceptions" classname="uk.co.real_logic.sbe.generation.rust.RustTest" time="0.017"/>
  <testcase name="nullOutputDirParamShouldTossNPE" classname="uk.co.real_logic.sbe.generation.rust.RustTest" time="0.001"/>
  <system-out><![CDATA[]]></system-out>
  <system-err><![CDATA[]]></system-err>
</testsuite>
