<?xml version="1.0" encoding="UTF-8"?>
<testsuite name="uk.co.real_logic.sbe.xml.EnumTypeTest" tests="9" skipped="0" failures="0" errors="0" timestamp="2025-04-27T08:25:29" hostname="chendengliangdeMacBook-Pro.local" time="0.028">
  <properties/>
  <testcase name="shouldThrowExceptionWhenDuplicateNameSpecified" classname="uk.co.real_logic.sbe.xml.EnumTypeTest" time="0.001"/>
  <testcase name="shouldThrowExceptionWhenIllegalEncodingTypeSpecified" classname="uk.co.real_logic.sbe.xml.EnumTypeTest" time="0.002"/>
  <testcase name="shouldHandleBooleanEnumType" classname="uk.co.real_logic.sbe.xml.EnumTypeTest" time="0.002"/>
  <testcase name="shouldHandleEncodingTypesWithNamedTypes" classname="uk.co.real_logic.sbe.xml.EnumTypeTest" time="0.014"/>
  <testcase name="shouldHandleCharEnumEncodingType" classname="uk.co.real_logic.sbe.xml.EnumTypeTest" time="0.002"/>
  <testcase name="shouldHandleBinaryEnumType" classname="uk.co.real_logic.sbe.xml.EnumTypeTest" time="0.002"/>
  <testcase name="shouldHandleEnumTypeList" classname="uk.co.real_logic.sbe.xml.EnumTypeTest" time="0.001"/>
  <testcase name="shouldThrowExceptionWhenDuplicateValueSpecified" classname="uk.co.real_logic.sbe.xml.EnumTypeTest" time="0.002"/>
  <testcase name="shouldHandleOptionalBooleanEnumType" classname="uk.co.real_logic.sbe.xml.EnumTypeTest" time="0.002"/>
  <system-out><![CDATA[]]></system-out>
  <system-err><![CDATA[]]></system-err>
</testsuite>
