<?xml version="1.0" encoding="UTF-8"?>
<testsuite name="uk.co.real_logic.sbe.ir.EncodedIrTest" tests="6" skipped="0" failures="0" errors="0" timestamp="2025-04-27T08:25:29" hostname="chendengliangdeMacBook-Pro.local" time="0.106">
  <properties/>
  <testcase name="shouldDecodeCorrectHeader" classname="uk.co.real_logic.sbe.ir.EncodedIrTest" time="0.043"/>
  <testcase name="shouldDecodeCorrectMessagesAndTypes" classname="uk.co.real_logic.sbe.ir.EncodedIrTest" time="0.027"/>
  <testcase name="shouldDecodeCorrectFrame" classname="uk.co.real_logic.sbe.ir.EncodedIrTest" time="0.017"/>
  <testcase name="shouldHandleRightSizedBuffer" classname="uk.co.real_logic.sbe.ir.EncodedIrTest" time="0.005"/>
  <testcase name="shouldEncodeThenDecodeIr" classname="uk.co.real_logic.sbe.ir.EncodedIrTest" time="0.01"/>
  <testcase name="shouldEncodeIr" classname="uk.co.real_logic.sbe.ir.EncodedIrTest" time="0.004"/>
  <system-out><![CDATA[]]></system-out>
  <system-err><![CDATA[]]></system-err>
</testsuite>
