<?xml version="1.0" encoding="UTF-8"?>
<testsuite name="uk.co.real_logic.sbe.TargetCodeGeneratorTest" tests="2" skipped="0" failures="0" errors="0" timestamp="2025-04-27T08:25:29" hostname="chendengliangdeMacBook-Pro.local" time="0.417">
  <properties/>
  <testcase name="shouldLoadAndInstatiateNonStandardTargetLanguage" classname="uk.co.real_logic.sbe.TargetCodeGeneratorTest" time="0.416"/>
  <testcase name="shouldThrowOnNoTargetLanguage" classname="uk.co.real_logic.sbe.TargetCodeGeneratorTest" time="0.001"/>
  <system-out><![CDATA[]]></system-out>
  <system-err><![CDATA[]]></system-err>
</testsuite>
