<?xml version="1.0" encoding="UTF-8"?>
<testsuite name="uk.co.real_logic.sbe.generation.java.ConstantCharArrayTest" tests="1" skipped="0" failures="0" errors="0" timestamp="2025-04-27T08:25:36" hostname="chendengliangdeMacBook-Pro.local" time="0.003">
  <properties/>
  <testcase name="shouldGenerateConstCharArrayMethods" classname="uk.co.real_logic.sbe.generation.java.ConstantCharArrayTest" time="0.003"/>
  <system-out><![CDATA[]]></system-out>
  <system-err><![CDATA[]]></system-err>
</testsuite>
