<?xml version="1.0" encoding="UTF-8"?>
<testsuite name="uk.co.real_logic.sbe.xml.CompositeTypeTest" tests="6" skipped="0" failures="0" errors="0" timestamp="2025-04-27T08:25:30" hostname="chendengliangdeMacBook-Pro.local" time="0.01">
  <properties/>
  <testcase name="shouldHandleCompositeHasNullableType" classname="uk.co.real_logic.sbe.xml.CompositeTypeTest" time="0.002"/>
  <testcase name="shouldHandleDecimal32CompositeType" classname="uk.co.real_logic.sbe.xml.CompositeTypeTest" time="0.002"/>
  <testcase name="shouldThrowExceptionWhenCompositeTypeHasTypeNameDuplicates" classname="uk.co.real_logic.sbe.xml.CompositeTypeTest" time="0.001"/>
  <testcase name="shouldHandleDecimalCompositeType" classname="uk.co.real_logic.sbe.xml.CompositeTypeTest" time="0.002"/>
  <testcase name="shouldHandleCompositeTypeList" classname="uk.co.real_logic.sbe.xml.CompositeTypeTest" time="0.001"/>
  <testcase name="shouldHandleDecimal64CompositeType" classname="uk.co.real_logic.sbe.xml.CompositeTypeTest" time="0.001"/>
  <system-out><![CDATA[]]></system-out>
  <system-err><![CDATA[]]></system-err>
</testsuite>
