<?xml version="1.0" encoding="UTF-8"?>
<testsuite name="uk.co.real_logic.sbe.generation.java.SchemaExtensionTest" tests="2" skipped="0" failures="0" errors="0" timestamp="2025-04-27T08:25:33" hostname="chendengliangdeMacBook-Pro.local" time="0.904">
  <properties/>
  <testcase name="testMessage1" classname="uk.co.real_logic.sbe.generation.java.SchemaExtensionTest" time="0.516"/>
  <testcase name="testMessage2" classname="uk.co.real_logic.sbe.generation.java.SchemaExtensionTest" time="0.387"/>
  <system-out><![CDATA[]]></system-out>
  <system-err><![CDATA[]]></system-err>
</testsuite>
