<?xml version="1.0" encoding="UTF-8"?>
<testsuite name="uk.co.real_logic.sbe.generation.rust.RustUtilTest" tests="8" skipped="0" failures="0" errors="0" timestamp="2025-04-27T08:25:30" hostname="chendengliangdeMacBook-Pro.local" time="0.001">
  <properties/>
  <testcase name="generateRustLiteralsHappyPaths" classname="uk.co.real_logic.sbe.generation.rust.RustUtilTest" time="0.0"/>
  <testcase name="generateRustLiteralNullPrimitiveTypeParam" classname="uk.co.real_logic.sbe.generation.rust.RustUtilTest" time="0.0"/>
  <testcase name="happyPathEightBitCharacter" classname="uk.co.real_logic.sbe.generation.rust.RustUtilTest" time="0.0"/>
  <testcase name="tooManyCharactersParamToEightBitCharacterThrowsIAE" classname="uk.co.real_logic.sbe.generation.rust.RustUtilTest" time="0.0"/>
  <testcase name="nullParamToEightBitCharacterThrowsNPE" classname="uk.co.real_logic.sbe.generation.rust.RustUtilTest" time="0.0"/>
  <testcase name="generateRustLiteralNullValueParam" classname="uk.co.real_logic.sbe.generation.rust.RustUtilTest" time="0.0"/>
  <testcase name="methodNameCasing" classname="uk.co.real_logic.sbe.generation.rust.RustUtilTest" time="0.0"/>
  <testcase name="emptyParamToEightBitCharacterThrowsIAE" classname="uk.co.real_logic.sbe.generation.rust.RustUtilTest" time="0.0"/>
  <system-out><![CDATA[]]></system-out>
  <system-err><![CDATA[]]></system-err>
</testsuite>
