<?xml version="1.0" encoding="UTF-8"?>
<testsuite name="uk.co.real_logic.sbe.xml.EmbeddedLengthAndCountFileTest" tests="2" skipped="0" failures="0" errors="0" timestamp="2025-04-27T08:25:29" hostname="chendengliangdeMacBook-Pro.local" time="0.012">
  <properties/>
  <testcase name="shouldHandleEmbeddedCountForGroup" classname="uk.co.real_logic.sbe.xml.EmbeddedLengthAndCountFileTest" time="0.006"/>
  <testcase name="shouldHandleEmbeddedLengthForData" classname="uk.co.real_logic.sbe.xml.EmbeddedLengthAndCountFileTest" time="0.006"/>
  <system-out><![CDATA[]]></system-out>
  <system-err><![CDATA[]]></system-err>
</testsuite>
