<?xml version="1.0" encoding="UTF-8"?>
<testsuite name="uk.co.real_logic.sbe.codec.java.TypesTest" tests="6" skipped="0" failures="0" errors="0" timestamp="2025-04-27T08:25:29" hostname="chendengliangdeMacBook-Pro.local" time="0.002">
  <properties/>
  <testcase name="shouldTestBitInByte" classname="uk.co.real_logic.sbe.codec.java.TypesTest" time="0.0"/>
  <testcase name="shouldSetBitInByte" classname="uk.co.real_logic.sbe.codec.java.TypesTest" time="0.0"/>
  <testcase name="shouldSetBitInInt" classname="uk.co.real_logic.sbe.codec.java.TypesTest" time="0.0"/>
  <testcase name="shouldTestBitInShort" classname="uk.co.real_logic.sbe.codec.java.TypesTest" time="0.0"/>
  <testcase name="shouldTestBitInInt" classname="uk.co.real_logic.sbe.codec.java.TypesTest" time="0.0"/>
  <testcase name="shouldSetBitInShort" classname="uk.co.real_logic.sbe.codec.java.TypesTest" time="0.0"/>
  <system-out><![CDATA[]]></system-out>
  <system-err><![CDATA[]]></system-err>
</testsuite>
