<?xml version="1.0" encoding="UTF-8"?>
<testsuite name="uk.co.real_logic.sbe.xml.OffsetFileTest" tests="8" skipped="0" failures="0" errors="0" timestamp="2025-04-27T08:25:29" hostname="chendengliangdeMacBook-Pro.local" time="0.056">
  <properties/>
  <testcase name="shouldHandleAllTypeOffsetsSetByXML" classname="uk.co.real_logic.sbe.xml.OffsetFileTest" time="0.005"/>
  <testcase name="shouldCalculateGroupOffsetWithPaddingFromBlockLengthAndGroupBlockLength" classname="uk.co.real_logic.sbe.xml.OffsetFileTest" time="0.007"/>
  <testcase name="shouldCalculateCompositeSizeWithOffsetsSpecified" classname="uk.co.real_logic.sbe.xml.OffsetFileTest" time="0.006"/>
  <testcase name="shouldCalculateGroupOffsetWithNoPaddingFromBlockLength" classname="uk.co.real_logic.sbe.xml.OffsetFileTest" time="0.007"/>
  <testcase name="shouldCalculateDimensionSizeWithOffsetsSpecified" classname="uk.co.real_logic.sbe.xml.OffsetFileTest" time="0.006"/>
  <testcase name="shouldCalculateGroupOffsetWithPaddingFromBlockLength" classname="uk.co.real_logic.sbe.xml.OffsetFileTest" time="0.014"/>
  <testcase name="shouldCalculateDataOffsetWithPaddingFromBlockLength" classname="uk.co.real_logic.sbe.xml.OffsetFileTest" time="0.007"/>
  <testcase name="shouldHandleAllTypeOffsets" classname="uk.co.real_logic.sbe.xml.OffsetFileTest" time="0.004"/>
  <system-out><![CDATA[]]></system-out>
  <system-err><![CDATA[]]></system-err>
</testsuite>
