<?xml version="1.0" encoding="UTF-8"?>
<testsuite name="uk.co.real_logic.sbe.xml.EncodedDataTypeTest" tests="23" skipped="0" failures="0" errors="0" timestamp="2025-04-27T08:25:30" hostname="chendengliangdeMacBook-Pro.local" time="0.028">
  <properties/>
  <testcase name="shouldThrowExceptionWhenConstantPresenceButNoDataSpecified" classname="uk.co.real_logic.sbe.xml.EncodedDataTypeTest" time="0.002"/>
  <testcase name="shouldReturnDefaultMinValueWhenSpecified" classname="uk.co.real_logic.sbe.xml.EncodedDataTypeTest" time="0.001"/>
  <testcase name="shouldThrowExceptionWhenUnknownPresenceSpecified" classname="uk.co.real_logic.sbe.xml.EncodedDataTypeTest" time="0.001"/>
  <testcase name="shouldReturnCorrectNullValueWhenSpecified" classname="uk.co.real_logic.sbe.xml.EncodedDataTypeTest" time="0.001"/>
  <testcase name="shouldThrowExceptionWhenUnknownPrimitiveTypeSpecified" classname="uk.co.real_logic.sbe.xml.EncodedDataTypeTest" time="0.001"/>
  <testcase name="shouldReturnNullOnNoDescriptionSet" classname="uk.co.real_logic.sbe.xml.EncodedDataTypeTest" time="0.001"/>
  <testcase name="shouldReturnDefaultNullValueWhenSpecified" classname="uk.co.real_logic.sbe.xml.EncodedDataTypeTest" time="0.001"/>
  <testcase name="shouldThrowExceptionWhenNoPrimitiveTypeSpecified" classname="uk.co.real_logic.sbe.xml.EncodedDataTypeTest" time="0.001"/>
  <testcase name="shouldSetAppropriateDefaultsWhenNoneSpecified" classname="uk.co.real_logic.sbe.xml.EncodedDataTypeTest" time="0.001"/>
  <testcase name="shouldReturnCorrectConstantStringWhenSpecified" classname="uk.co.real_logic.sbe.xml.EncodedDataTypeTest" time="0.001"/>
  <testcase name="shouldReturnCorrectPresenceConstantWhenSpecified" classname="uk.co.real_logic.sbe.xml.EncodedDataTypeTest" time="0.001"/>
  <testcase name="shouldThrowExceptionWhenNoNameSpecified" classname="uk.co.real_logic.sbe.xml.EncodedDataTypeTest" time="0.001"/>
  <testcase name="shouldUseAppropriatePresence" classname="uk.co.real_logic.sbe.xml.EncodedDataTypeTest" time="0.002"/>
  <testcase name="shouldReturnCorrectSemanticTypeForType" classname="uk.co.real_logic.sbe.xml.EncodedDataTypeTest" time="0.001"/>
  <testcase name="shouldReturnCorrectDescriptionForType" classname="uk.co.real_logic.sbe.xml.EncodedDataTypeTest" time="0.002"/>
  <testcase name="shouldReturnCorrectMaxValueWhenSpecified" classname="uk.co.real_logic.sbe.xml.EncodedDataTypeTest" time="0.001"/>
  <testcase name="shouldReturnCorrectSizeForPrimitiveTypes" classname="uk.co.real_logic.sbe.xml.EncodedDataTypeTest" time="0.001"/>
  <testcase name="shouldHandleMultipleTypes" classname="uk.co.real_logic.sbe.xml.EncodedDataTypeTest" time="0.001"/>
  <testcase name="shouldReturnNullWhenSemanticTypeNotSpecified" classname="uk.co.real_logic.sbe.xml.EncodedDataTypeTest" time="0.001"/>
  <testcase name="shouldUseAppropriatePrimitiveType" classname="uk.co.real_logic.sbe.xml.EncodedDataTypeTest" time="0.001"/>
  <testcase name="shouldReturnDefaultMaxValueWhenSpecified" classname="uk.co.real_logic.sbe.xml.EncodedDataTypeTest" time="0.001"/>
  <testcase name="shouldReturnCorrectMinValueWhenSpecified" classname="uk.co.real_logic.sbe.xml.EncodedDataTypeTest" time="0.001"/>
  <testcase name="shouldHandleSettingAllAttributes" classname="uk.co.real_logic.sbe.xml.EncodedDataTypeTest" time="0.001"/>
  <system-out><![CDATA[]]></system-out>
  <system-err><![CDATA[]]></system-err>
</testsuite>
