<?xml version="1.0" encoding="UTF-8"?>
<testsuite name="uk.co.real_logic.sbe.generation.rust.RustFlatFileOutputManagerTest" tests="3" skipped="0" failures="0" errors="0" timestamp="2025-04-27T08:25:30" hostname="chendengliangdeMacBook-Pro.local" time="0.009">
  <properties/>
  <testcase name="nullDirectoryParamThrowsNPE" classname="uk.co.real_logic.sbe.generation.rust.RustFlatFileOutputManagerTest" time="0.001"/>
  <testcase name="nullPackageParamThrowsNpe" classname="uk.co.real_logic.sbe.generation.rust.RustFlatFileOutputManagerTest" time="0.001"/>
  <testcase name="shouldCreateFileUponConstruction" classname="uk.co.real_logic.sbe.generation.rust.RustFlatFileOutputManagerTest" time="0.007"/>
  <system-out><![CDATA[]]></system-out>
  <system-err><![CDATA[]]></system-err>
</testsuite>
