<?xml version="1.0" encoding="UTF-8"?>
<testsuite name="uk.co.real_logic.sbe.json.JsonPrinterTest" tests="1" skipped="0" failures="0" errors="0" timestamp="2025-04-27T08:25:30" hostname="chendengliangdeMacBook-Pro.local" time="0.026">
  <properties/>
  <testcase name="exampleMessagePrintedAsJson" classname="uk.co.real_logic.sbe.json.JsonPrinterTest" time="0.026"/>
  <system-out><![CDATA[]]></system-out>
  <system-err><![CDATA[]]></system-err>
</testsuite>
