<?xml version="1.0" encoding="UTF-8"?>
<testsuite name="uk.co.real_logic.sbe.xml.CyclicReferencesTest" tests="1" skipped="0" failures="0" errors="0" timestamp="2025-04-27T08:25:29" hostname="chendengliangdeMacBook-Pro.local" time="0.004">
  <properties/>
  <testcase name="shouldTestForCyclicRefs" classname="uk.co.real_logic.sbe.xml.CyclicReferencesTest" time="0.004"/>
  <system-out><![CDATA[]]></system-out>
  <system-err><![CDATA[]]></system-err>
</testsuite>
